
(Not all processes could be identified, non-owned process info
 will not be shown, you would have to be root to see it all.)
Thu Jul 24 2025 12:06:25:777 GMT+0300 (EEST) -- [ERROR] Another instance of BrowserStack Binary is running with on your system with PID: 160651
Thu Jul 24 2025 12:06:25:777 GMT+0300 (EEST) -- [ERROR] Please close it and try again
Thu Jul 24 2025 12:06:25:777 GMT+0300 (EEST) -- [ERROR] SYS_CONFLICT:1001 https://browserstack.com/docs/local-testing/binary/errors/1001
Thu Jul 24 2025 12:06:25:778 GMT+0300 (EEST) -- You can learn more about BrowserStack Binary flags by running ./BrowserStackLocal --help

(Not all processes could be identified, non-owned process info
 will not be shown, you would have to be root to see it all.)
Thu Jul 24 2025 12:27:31:646 GMT+0300 (EEST) -- [ERROR] Another instance of BrowserStack Binary is running with on your system with PID: 160651
Thu Jul 24 2025 12:27:31:646 GMT+0300 (EEST) -- [ERROR] Please close it and try again
Thu Jul 24 2025 12:27:31:646 GMT+0300 (EEST) -- [ERROR] SYS_CONFLICT:1001 https://browserstack.com/docs/local-testing/binary/errors/1001
Thu Jul 24 2025 12:27:31:647 GMT+0300 (EEST) -- You can learn more about BrowserStack Binary flags by running ./BrowserStackLocal --help

(Not all processes could be identified, non-owned process info
 will not be shown, you would have to be root to see it all.)
Thu Jul 24 2025 14:51:29:383 GMT+0300 (EEST) -- [ERROR] Another instance of BrowserStack Binary is running with on your system with PID: 160651
Thu Jul 24 2025 14:51:29:383 GMT+0300 (EEST) -- [ERROR] Please close it and try again
Thu Jul 24 2025 14:51:29:383 GMT+0300 (EEST) -- [ERROR] SYS_CONFLICT:1001 https://browserstack.com/docs/local-testing/binary/errors/1001
Thu Jul 24 2025 14:51:29:384 GMT+0300 (EEST) -- You can learn more about BrowserStack Binary flags by running ./BrowserStackLocal --help

(Not all processes could be identified, non-owned process info
 will not be shown, you would have to be root to see it all.)
Thu Jul 24 2025 15:23:21:3 GMT+0300 (EEST) -- [ERROR] Another instance of BrowserStack Binary is running with on your system with PID: 160651
Thu Jul 24 2025 15:23:21:3 GMT+0300 (EEST) -- [ERROR] Please close it and try again
Thu Jul 24 2025 15:23:21:3 GMT+0300 (EEST) -- [ERROR] SYS_CONFLICT:1001 https://browserstack.com/docs/local-testing/binary/errors/1001
Thu Jul 24 2025 15:23:21:4 GMT+0300 (EEST) -- You can learn more about BrowserStack Binary flags by running ./BrowserStackLocal --help

(Not all processes could be identified, non-owned process info
 will not be shown, you would have to be root to see it all.)
Thu Jul 24 2025 16:18:57:741 GMT+0300 (EEST) -- [ERROR] Another instance of BrowserStack Binary is running with on your system with PID: 160651
Thu Jul 24 2025 16:18:57:741 GMT+0300 (EEST) -- [ERROR] Please close it and try again
Thu Jul 24 2025 16:18:57:741 GMT+0300 (EEST) -- [ERROR] SYS_CONFLICT:1001 https://browserstack.com/docs/local-testing/binary/errors/1001
Thu Jul 24 2025 16:18:57:742 GMT+0300 (EEST) -- You can learn more about BrowserStack Binary flags by running ./BrowserStackLocal --help

(Not all processes could be identified, non-owned process info
 will not be shown, you would have to be root to see it all.)
Fri Jul 25 2025 13:14:02:201 GMT+0300 (EEST) -- [ERROR] Another instance of BrowserStack Binary is running with on your system with PID: 160651
Fri Jul 25 2025 13:14:02:201 GMT+0300 (EEST) -- [ERROR] Please close it and try again
Fri Jul 25 2025 13:14:02:201 GMT+0300 (EEST) -- [ERROR] SYS_CONFLICT:1001 https://browserstack.com/docs/local-testing/binary/errors/1001
Fri Jul 25 2025 13:14:02:202 GMT+0300 (EEST) -- You can learn more about BrowserStack Binary flags by running ./BrowserStackLocal --help

(Not all processes could be identified, non-owned process info
 will not be shown, you would have to be root to see it all.)
(Not all processes could be identified, non-owned process info
 will not be shown, you would have to be root to see it all.)
Mon Jul 28 2025 10:47:05:517 GMT+0300 (EEST) -- Starting configuration console on http://localhost:45454
Mon Jul 28 2025 10:47:06:78 GMT+0300 (EEST) -- [INFO] Started the BrowserStack Binary server on 45691, PID: 6065
Mon Jul 28 2025 10:47:06:279 GMT+0300 (EEST) -- [SUCCESS] You can now access your local server(s) in our remote browser

Mon Jul 28 2025 10:47:06:642 GMT+0300 (EEST) -- Press Ctrl-C to exit



(Not all processes could be identified, non-owned process info
 will not be shown, you would have to be root to see it all.)
Mon Jul 28 2025 12:27:52:258 GMT+0300 (EEST) -- [ERROR] Another instance of BrowserStack Binary is running with on your system with PID: 6065
Mon Jul 28 2025 12:27:52:259 GMT+0300 (EEST) -- [ERROR] Please close it and try again
Mon Jul 28 2025 12:27:52:259 GMT+0300 (EEST) -- [ERROR] SYS_CONFLICT:1001 https://browserstack.com/docs/local-testing/binary/errors/1001
Mon Jul 28 2025 12:27:52:259 GMT+0300 (EEST) -- You can learn more about BrowserStack Binary flags by running ./BrowserStackLocal --help

(Not all processes could be identified, non-owned process info
 will not be shown, you would have to be root to see it all.)
Tue Jul 29 2025 12:27:25:465 GMT+0300 (EEST) -- [ERROR] Another instance of BrowserStack Binary is running with on your system with PID: 6065
Tue Jul 29 2025 12:27:25:465 GMT+0300 (EEST) -- [ERROR] Please close it and try again
Tue Jul 29 2025 12:27:25:465 GMT+0300 (EEST) -- [ERROR] SYS_CONFLICT:1001 https://browserstack.com/docs/local-testing/binary/errors/1001
Tue Jul 29 2025 12:27:25:466 GMT+0300 (EEST) -- You can learn more about BrowserStack Binary flags by running ./BrowserStackLocal --help

(Not all processes could be identified, non-owned process info
 will not be shown, you would have to be root to see it all.)
Tue Jul 29 2025 14:51:59:452 GMT+0300 (EEST) -- [ERROR] Another instance of BrowserStack Binary is running with on your system with PID: 6065
Tue Jul 29 2025 14:51:59:455 GMT+0300 (EEST) -- [ERROR] Please close it and try again
Tue Jul 29 2025 14:51:59:455 GMT+0300 (EEST) -- [ERROR] SYS_CONFLICT:1001 https://browserstack.com/docs/local-testing/binary/errors/1001
Tue Jul 29 2025 14:51:59:456 GMT+0300 (EEST) -- You can learn more about BrowserStack Binary flags by running ./BrowserStackLocal --help

(Not all processes could be identified, non-owned process info
 will not be shown, you would have to be root to see it all.)
(Not all processes could be identified, non-owned process info
 will not be shown, you would have to be root to see it all.)
Thu Jul 31 2025 10:31:38:863 GMT+0300 (EEST) -- Starting configuration console on http://localhost:45454
Thu Jul 31 2025 10:31:39:419 GMT+0300 (EEST) -- [INFO] Started the BrowserStack Binary server on 45691, PID: 5074
Thu Jul 31 2025 10:31:39:619 GMT+0300 (EEST) -- [SUCCESS] You can now access your local server(s) in our remote browser

Thu Jul 31 2025 10:31:39:932 GMT+0300 (EEST) -- Press Ctrl-C to exit



(Not all processes could be identified, non-owned process info
 will not be shown, you would have to be root to see it all.)
Thu Jul 31 2025 12:23:46:693 GMT+0300 (EEST) -- [ERROR] Another instance of BrowserStack Binary is running with on your system with PID: 5074
Thu Jul 31 2025 12:23:46:693 GMT+0300 (EEST) -- [ERROR] Please close it and try again
Thu Jul 31 2025 12:23:46:693 GMT+0300 (EEST) -- [ERROR] SYS_CONFLICT:1001 https://browserstack.com/docs/local-testing/binary/errors/1001
Thu Jul 31 2025 12:23:46:694 GMT+0300 (EEST) -- You can learn more about BrowserStack Binary flags by running ./BrowserStackLocal --help

(Not all processes could be identified, non-owned process info
 will not be shown, you would have to be root to see it all.)
Thu Jul 31 2025 12:29:05:239 GMT+0300 (EEST) -- [ERROR] Another instance of BrowserStack Binary is running with on your system with PID: 5074
Thu Jul 31 2025 12:29:05:239 GMT+0300 (EEST) -- [ERROR] Please close it and try again
Thu Jul 31 2025 12:29:05:239 GMT+0300 (EEST) -- [ERROR] SYS_CONFLICT:1001 https://browserstack.com/docs/local-testing/binary/errors/1001
Thu Jul 31 2025 12:29:05:240 GMT+0300 (EEST) -- You can learn more about BrowserStack Binary flags by running ./BrowserStackLocal --help

(Not all processes could be identified, non-owned process info
 will not be shown, you would have to be root to see it all.)
Thu Jul 31 2025 12:34:13:822 GMT+0300 (EEST) -- [ERROR] Another instance of BrowserStack Binary is running with on your system with PID: 5074
Thu Jul 31 2025 12:34:13:822 GMT+0300 (EEST) -- [ERROR] Please close it and try again
Thu Jul 31 2025 12:34:13:822 GMT+0300 (EEST) -- [ERROR] SYS_CONFLICT:1001 https://browserstack.com/docs/local-testing/binary/errors/1001
Thu Jul 31 2025 12:34:13:823 GMT+0300 (EEST) -- You can learn more about BrowserStack Binary flags by running ./BrowserStackLocal --help

(Not all processes could be identified, non-owned process info
 will not be shown, you would have to be root to see it all.)
Thu Jul 31 2025 12:36:18:520 GMT+0300 (EEST) -- [ERROR] Another instance of BrowserStack Binary is running with on your system with PID: 5074
Thu Jul 31 2025 12:36:18:520 GMT+0300 (EEST) -- [ERROR] Please close it and try again
Thu Jul 31 2025 12:36:18:520 GMT+0300 (EEST) -- [ERROR] SYS_CONFLICT:1001 https://browserstack.com/docs/local-testing/binary/errors/1001
Thu Jul 31 2025 12:36:18:521 GMT+0300 (EEST) -- You can learn more about BrowserStack Binary flags by running ./BrowserStackLocal --help

(Not all processes could be identified, non-owned process info
 will not be shown, you would have to be root to see it all.)
Thu Jul 31 2025 13:39:43:540 GMT+0300 (EEST) -- [ERROR] Another instance of BrowserStack Binary is running with on your system with PID: 5074
Thu Jul 31 2025 13:39:43:540 GMT+0300 (EEST) -- [ERROR] Please close it and try again
Thu Jul 31 2025 13:39:43:540 GMT+0300 (EEST) -- [ERROR] SYS_CONFLICT:1001 https://browserstack.com/docs/local-testing/binary/errors/1001
Thu Jul 31 2025 13:39:43:541 GMT+0300 (EEST) -- You can learn more about BrowserStack Binary flags by running ./BrowserStackLocal --help

(Not all processes could be identified, non-owned process info
 will not be shown, you would have to be root to see it all.)
Thu Jul 31 2025 14:01:23:224 GMT+0300 (EEST) -- [ERROR] Another instance of BrowserStack Binary is running with on your system with PID: 5074
Thu Jul 31 2025 14:01:23:225 GMT+0300 (EEST) -- [ERROR] Please close it and try again
Thu Jul 31 2025 14:01:23:225 GMT+0300 (EEST) -- [ERROR] SYS_CONFLICT:1001 https://browserstack.com/docs/local-testing/binary/errors/1001
Thu Jul 31 2025 14:01:23:226 GMT+0300 (EEST) -- You can learn more about BrowserStack Binary flags by running ./BrowserStackLocal --help

(Not all processes could be identified, non-owned process info
 will not be shown, you would have to be root to see it all.)
Thu Jul 31 2025 15:03:41:675 GMT+0300 (EEST) -- [ERROR] Another instance of BrowserStack Binary is running with on your system with PID: 5074
Thu Jul 31 2025 15:03:41:675 GMT+0300 (EEST) -- [ERROR] Please close it and try again
Thu Jul 31 2025 15:03:41:675 GMT+0300 (EEST) -- [ERROR] SYS_CONFLICT:1001 https://browserstack.com/docs/local-testing/binary/errors/1001
Thu Jul 31 2025 15:03:41:676 GMT+0300 (EEST) -- You can learn more about BrowserStack Binary flags by running ./BrowserStackLocal --help

(Not all processes could be identified, non-owned process info
 will not be shown, you would have to be root to see it all.)
Thu Jul 31 2025 16:08:48:786 GMT+0300 (EEST) -- [ERROR] Another instance of BrowserStack Binary is running with on your system with PID: 5074
Thu Jul 31 2025 16:08:48:787 GMT+0300 (EEST) -- [ERROR] Please close it and try again
Thu Jul 31 2025 16:08:48:787 GMT+0300 (EEST) -- [ERROR] SYS_CONFLICT:1001 https://browserstack.com/docs/local-testing/binary/errors/1001
Thu Jul 31 2025 16:08:48:788 GMT+0300 (EEST) -- You can learn more about BrowserStack Binary flags by running ./BrowserStackLocal --help

(Not all processes could be identified, non-owned process info
 will not be shown, you would have to be root to see it all.)
Thu Jul 31 2025 17:01:36:116 GMT+0300 (EEST) -- [ERROR] Another instance of BrowserStack Binary is running with on your system with PID: 5074
Thu Jul 31 2025 17:01:36:116 GMT+0300 (EEST) -- [ERROR] Please close it and try again
Thu Jul 31 2025 17:01:36:116 GMT+0300 (EEST) -- [ERROR] SYS_CONFLICT:1001 https://browserstack.com/docs/local-testing/binary/errors/1001
Thu Jul 31 2025 17:01:36:117 GMT+0300 (EEST) -- You can learn more about BrowserStack Binary flags by running ./BrowserStackLocal --help
